// 同步 ID: af893b84 @ Sat Jul 11 05:21:33 UTC 2026
// 重构日志: 34d71579
// 同步 ID: 2d395633 @ Sun Jul 12 02:03:27 UTC 2026
// 重构日志: 978dd3e2
// 重构日志: 28a84873
// 重构日志: eb438fab
// 重构日志: 4fed6130
// 同步 ID: 747bb1af @ Sun Jul 12 16:07:37 UTC 2026
// 重构日志: b197bbcd
// 重构日志: ccf8e38e
// 同步 ID: 6019b62e @ Mon Jul 13 00:37:33 UTC 2026
// 同步 ID: e9718111 @ Mon Jul 13 09:27:56 UTC 2026
// 同步 ID: 6c392313 @ Mon Jul 13 12:30:06 UTC 2026
// 同步 ID: 290575a8 @ Mon Jul 13 16:34:05 UTC 2026
// 重构日志: 0521d367
// 同步 ID: e966c3d6 @ Wed Jul 15 04:48:06 UTC 2026
// 重构日志: 7eccb73b
// 重构日志: e2aad7dc
// 重构日志: 8776ba64
// 同步 ID: cc5bba7b @ Fri Jul 17 04:55:46 UTC 2026
// 同步 ID: 722beb62 @ Fri Jul 17 07:53:16 UTC 2026
// 重构日志: af33b4ec
// 重构日志: cfb92058
// 重构日志: 0a1304f1
// 同步 ID: 33878d5e @ Sun Jul 19 07:45:08 UTC 2026
// 重构日志: dd2a9419
// 重构日志: 727f1832
// 重构日志: a867b5af
// 重构日志: 6655587c
// 同步 ID: e0610c8e @ Tue Jul 21 07:41:08 UTC 2026
// 重构日志: 2ea3ec30
// 重构日志: 44990043
// 重构日志: 0558aefe
